<?xml version="1.0" encoding="UTF-8"?>
<!-- Generated by org.testng.reporters.JUnitReportReporter -->
<testsuite hostname="DESKTOP-24HNAOI" failures="0" tests="4" name="MyTest" time="10.316" errors="0" timestamp="2025-07-21T14:23:57 EET" skipped="3">
  <testcase classname="MyTest" name="BMI_Calculator" time="10.316"/>
  <system-out/>
  <testcase classname="MyTest" name="T001_WebsiteLang_en">
    <skipped/>
  </testcase> <!-- T001_WebsiteLang_en -->
  <system-out/>
  <testcase classname="MyTest" name="T003_ReqAppointment">
    <skipped/>
  </testcase> <!-- T003_ReqAppointment -->
  <system-out/>
  <testcase classname="MyTest" name="T002_SearchFunctionality">
    <skipped/>
  </testcase> <!-- T002_SearchFunctionality -->
  <system-out/>
</testsuite> <!-- MyTest -->
