<?xml version="1.0" encoding="UTF-8"?>
<!-- Generated by org.testng.reporters.JUnitReportReporter -->
<testsuite hostname="DESKTOP-24HNAOI" failures="0" tests="6" name="MyTest" time="94.434" errors="0" timestamp="2025-07-22T12:31:22 EET" skipped="0">
  <testcase classname="MyTest" name="HomePageLoaded" time="3.369"/>
  <system-out/>
  <testcase classname="MyTest" name="NavigationFunctionality" time="39.894"/>
  <system-out/>
  <testcase classname="MyTest" name="T003_WebsiteLang_en" time="4.778"/>
  <system-out/>
  <testcase classname="MyTest" name="T004_SearchFunctionality" time="9.002"/>
  <system-out/>
  <testcase classname="MyTest" name="T003_ReqAppointment" time="17.601"/>
  <system-out/>
  <testcase classname="MyTest" name="BMI_Calculator" time="19.790"/>
  <system-out/>
</testsuite> <!-- MyTest -->
