<?xml version="1.0" encoding="UTF-8"?>
<!-- Generated by org.testng.reporters.JUnitReportReporter -->
<testsuite hostname="DESKTOP-24HNAOI" failures="0" tests="3" name="MyTest" time="9.958" errors="0" timestamp="2025-07-19T22:47:50 EET" skipped="2">
  <testcase classname="MyTest" name="T003_ReqAppointment" time="9.958"/>
  <system-out/>
  <testcase classname="MyTest" name="T001_WebsiteLang_en">
    <skipped/>
  </testcase> <!-- T001_WebsiteLang_en -->
  <system-out/>
  <testcase classname="MyTest" name="T002_SearchFunctionality">
    <skipped/>
  </testcase> <!-- T002_SearchFunctionality -->
  <system-out/>
</testsuite> <!-- MyTest -->
